<?xml version="1.0" encoding="UTF-8"?>
<testsuite name="mn.astvision.starter.ContextLoadTest" tests="1" skipped="0" failures="0" errors="0" timestamp="2024-10-08T04:20:21" hostname="Enkh-Uilss-MacBook-Pro.local" time="0.589">
  <properties/>
  <testcase name="contextLoads()" classname="mn.astvision.starter.ContextLoadTest" time="0.589"/>
  <system-out><![CDATA[12:20:15.311 [Test worker] INFO org.springframework.test.context.support.AnnotationConfigContextLoaderUtils -- Could not detect default configuration classes for test class [mn.astvision.starter.ContextLoadTest]: ContextLoadTest does not declare any static, non-private, non-final, nested classes annotated with @Configuration.
12:20:15.383 [Test worker] INFO org.springframework.boot.test.context.SpringBootTestContextBootstrapper -- Found @SpringBootConfiguration mn.astvision.starter.StarterManageApplication for test class mn.astvision.starter.ContextLoadTest

  .   ____          _            __ _ _
 /\\ / ___'_ __ _ _(_)_ __  __ _ \ \ \ \
( ( )\___ | '_ | '_| | '_ \/ _` | \ \ \ \
 \\/  ___)| |_)| | | | | || (_| |  ) ) ) )
  '  |____| .__|_| |_|_| |_\__, | / / / /
 =========|_|==============|___/=/_/_/_/

 :: Spring Boot ::                (v3.3.1)

2024-10-08T12:20:17.852+08:00  INFO 28347 --- [nepko-manage-backend] [    Test worker] mn.astvision.starter.ContextLoadTest     : Starting ContextLoadTest using Java 21.0.4 with PID 28347 (started by peacedeed in /Users/peacedeed/Documents/Github/course-diploma/manage/backend)
2024-10-08T12:20:17.853+08:00  INFO 28347 --- [nepko-manage-backend] [    Test worker] mn.astvision.starter.ContextLoadTest     : No active profile set, falling back to 1 default profile: "default"
2024-10-08T12:20:17.867+08:00  INFO 28347 --- [nepko-manage-backend] [    Test worker] o.s.c.c.c.ConfigServerConfigDataLoader   : Fetching config from server at : https://config-dev.autoland.mn/config-api
2024-10-08T12:20:17.867+08:00  INFO 28347 --- [nepko-manage-backend] [    Test worker] o.s.c.c.c.ConfigServerConfigDataLoader   : Located environment: name=nepko-manage-backend, profiles=[default], label=null, version=7955ff58ebb308c7a725adf239cbdf7f7817c0e2, state=null
2024-10-08T12:20:18.179+08:00  INFO 28347 --- [nepko-manage-backend] [    Test worker] .s.d.r.c.RepositoryConfigurationDelegate : Bootstrapping Spring Data MongoDB repositories in DEFAULT mode.
2024-10-08T12:20:18.218+08:00  INFO 28347 --- [nepko-manage-backend] [    Test worker] .s.d.r.c.RepositoryConfigurationDelegate : Finished Spring Data repository scanning in 37 ms. Found 44 MongoDB repository interfaces.
2024-10-08T12:20:18.467+08:00  INFO 28347 --- [nepko-manage-backend] [    Test worker] o.s.cloud.context.scope.GenericScope     : BeanFactory id=28cb3720-cefb-316d-8017-5f97c208db6d
2024-10-08T12:20:18.639+08:00  INFO 28347 --- [nepko-manage-backend] [    Test worker] mn.astvision.starter.config.RootConfig   : Configuring message source...
2024-10-08T12:20:18.675+08:00  INFO 28347 --- [nepko-manage-backend] [    Test worker] m.a.starter.s3.service.S3BucketService   : Initializing s3 bucket service with: AKIA34AMDBJRBQDOXFLX
2024-10-08T12:20:19.062+08:00  INFO 28347 --- [nepko-manage-backend] [    Test worker] org.mongodb.driver.client                : MongoClient with metadata {"driver": {"name": "mongo-java-driver|sync", "version": "5.0.1"}, "os": {"type": "Darwin", "name": "Mac OS X", "architecture": "aarch64", "version": "14.6.1"}, "platform": "Java/Amazon.com Inc./21.0.4+7-LTS"} created with settings MongoClientSettings{readPreference=primary, writeConcern=WriteConcern{w=null, wTimeout=null ms, journal=null}, retryWrites=true, retryReads=true, readConcern=ReadConcern{level=null}, credential=null, transportSettings=null, commandListeners=[], codecRegistry=ProvidersCodecRegistry{codecProviders=[ValueCodecProvider{}, BsonValueCodecProvider{}, DBRefCodecProvider{}, DBObjectCodecProvider{}, DocumentCodecProvider{}, CollectionCodecProvider{}, IterableCodecProvider{}, MapCodecProvider{}, GeoJsonCodecProvider{}, GridFSFileCodecProvider{}, Jsr310CodecProvider{}, JsonObjectCodecProvider{}, BsonCodecProvider{}, EnumCodecProvider{}, com.mongodb.client.model.mql.ExpressionCodecProvider@69c263f8, com.mongodb.Jep395RecordCodecProvider@5058fefb, com.mongodb.KotlinCodecProvider@198a0416]}, loggerSettings=LoggerSettings{maxDocumentLength=1000}, clusterSettings={hosts=[localhost:27017], srvServiceName=mongodb, mode=SINGLE, requiredClusterType=UNKNOWN, requiredReplicaSetName='null', serverSelector='null', clusterListeners='[]', serverSelectionTimeout='30000 ms', localThreshold='15 ms'}, socketSettings=SocketSettings{connectTimeoutMS=10000, readTimeoutMS=0, receiveBufferSize=0, proxySettings=ProxySettings{host=null, port=null, username=null, password=null}}, heartbeatSocketSettings=SocketSettings{connectTimeoutMS=10000, readTimeoutMS=10000, receiveBufferSize=0, proxySettings=ProxySettings{host=null, port=null, username=null, password=null}}, connectionPoolSettings=ConnectionPoolSettings{maxSize=100, minSize=0, maxWaitTimeMS=120000, maxConnectionLifeTimeMS=0, maxConnectionIdleTimeMS=0, maintenanceInitialDelayMS=0, maintenanceFrequencyMS=60000, connectionPoolListeners=[], maxConnecting=2}, serverSettings=ServerSettings{heartbeatFrequencyMS=10000, minHeartbeatFrequencyMS=500, serverListeners='[]', serverMonitorListeners='[]'}, sslSettings=SslSettings{enabled=false, invalidHostNameAllowed=false, context=null}, applicationName='null', compressorList=[], uuidRepresentation=STANDARD, serverApi=null, autoEncryptionSettings=null, dnsClient=null, inetAddressResolver=null, contextProvider=null}
2024-10-08T12:20:19.072+08:00  INFO 28347 --- [nepko-manage-backend] [localhost:27017] org.mongodb.driver.cluster               : Monitor thread successfully connected to server with description ServerDescription{address=localhost:27017, type=STANDALONE, state=CONNECTED, ok=true, minWireVersion=0, maxWireVersion=21, maxDocumentSize=16777216, logicalSessionTimeoutMinutes=30, roundTripTimeNanos=12992500}
2024-10-08T12:20:20.399+08:00  INFO 28347 --- [nepko-manage-backend] [    Test worker] eAuthenticationProviderManagerConfigurer : Global AuthenticationManager configured with AuthenticationProvider bean with name authenticationProvider
2024-10-08T12:20:20.399+08:00  WARN 28347 --- [nepko-manage-backend] [    Test worker] r$InitializeUserDetailsManagerConfigurer : Global AuthenticationManager configured with an AuthenticationProvider bean. UserDetailsService beans will not be used for username/password login. Consider removing the AuthenticationProvider bean. Alternatively, consider using the UserDetailsService in a manually instantiated DaoAuthenticationProvider.
2024-10-08T12:20:20.448+08:00  INFO 28347 --- [nepko-manage-backend] [    Test worker] m.astvision.starter.config.WebMvcConfig  : Configuring path matcher
2024-10-08T12:20:20.679+08:00  INFO 28347 --- [nepko-manage-backend] [    Test worker] o.s.b.a.e.web.EndpointLinksResolver      : Exposing 1 endpoint beneath base path '/actuator'
2024-10-08T12:20:20.703+08:00  INFO 28347 --- [nepko-manage-backend] [    Test worker] m.a.starter.config.SecurityConfig        : Configuring security...
2024-10-08T12:20:20.854+08:00  INFO 28347 --- [nepko-manage-backend] [    Test worker] mn.astvision.starter.config.RootConfig   : Configuring locale resolver...
2024-10-08T12:20:21.205+08:00  INFO 28347 --- [nepko-manage-backend] [    Test worker] mn.astvision.starter.ContextLoadTest     : Started ContextLoadTest in 5.744 seconds (process running for 6.501)
2024-10-08T12:20:21.846+08:00  INFO 28347 --- [nepko-manage-backend] [    Test worker] mn.astvision.starter.ContextLoadTest     : Test context loaded
]]></system-out>
  <system-err><![CDATA[WARNING: A Java agent has been loaded dynamically (/Users/peacedeed/.gradle/caches/modules-2/files-2.1/net.bytebuddy/byte-buddy-agent/1.14.17/e3c251a39dc90badaf71c83427ba46840f219d8d/byte-buddy-agent-1.14.17.jar)
WARNING: If a serviceability tool is in use, please run with -XX:+EnableDynamicAgentLoading to hide this warning
WARNING: If a serviceability tool is not in use, please run with -Djdk.instrument.traceUsage for more information
WARNING: Dynamic loading of agents will be disallowed by default in a future release
]]></system-err>
</testsuite>
