<?xml version="1.0" encoding="UTF-8"?>
<testsuite name="mn.astvision.starter.test.StringConverterTest" tests="1" skipped="0" failures="0" errors="0" timestamp="2024-10-08T04:20:04" hostname="Enkh-Uilss-MacBook-Pro.local" time="0.01">
  <properties/>
  <testcase name="testStringToUTF16ConvertTest()" classname="mn.astvision.starter.test.StringConverterTest" time="0.01"/>
  <system-out><![CDATA[12:20:04.445 [Test worker] INFO mn.astvision.starter.test.StringConverterTest -- String UTF-16 hex -> \u0061\u0073\u0061\u0073\u0064\u0020\u0061\u0073\u0064\u0021\u0021
]]></system-out>
  <system-err><![CDATA[]]></system-err>
</testsuite>
