<?xml version="1.0" encoding="UTF-8"?>
<testsuite name="mn.astvision.starter.dns.DomainBindFileUtilTest" tests="1" skipped="1" failures="0" errors="0" timestamp="2024-11-27T09:04:15" hostname="DESKTOP-CULOKV3" time="0.001">
  <properties/>
  <testcase name="testConvert()" classname="mn.astvision.starter.dns.DomainBindFileUtilTest" time="0.001">
    <skipped/>
  </testcase>
  <system-out><![CDATA[]]></system-out>
  <system-err><![CDATA[]]></system-err>
</testsuite>
