<?xml version="1.0" encoding="UTF-8"?>
<testsuite name="mn.astvision.starter.dns.DomainBindFileUtilTest" tests="1" skipped="1" failures="0" errors="0" timestamp="2024-10-08T04:20:06" hostname="Enkh-Uilss-MacBook-Pro.local" time="0.0">
  <properties/>
  <testcase name="testConvert()" classname="mn.astvision.starter.dns.DomainBindFileUtilTest" time="0.0">
    <skipped/>
  </testcase>
  <system-out><![CDATA[]]></system-out>
  <system-err><![CDATA[]]></system-err>
</testsuite>
