<?xml version="1.0" encoding="UTF-8"?>
<testsuite name="mn.astvision.starter.service.AnalyticsDataServiceTest" tests="1" skipped="1" failures="0" errors="0" timestamp="2024-10-08T04:20:15" hostname="Enkh-Uilss-MacBook-Pro.local" time="0.007">
  <properties/>
  <testcase name="testFetchSessionCount()" classname="mn.astvision.starter.service.AnalyticsDataServiceTest" time="0.007">
    <skipped/>
  </testcase>
  <system-out><![CDATA[]]></system-out>
  <system-err><![CDATA[]]></system-err>
</testsuite>
