<?xml version="1.0" encoding="UTF-8"?>
<testsuite name="mn.astvision.starter.twofa.TwoFATest" tests="3" skipped="3" failures="0" errors="0" timestamp="2024-10-08T04:20:06" hostname="Enkh-Uilss-MacBook-Pro.local" time="0.002">
  <properties/>
  <testcase name="testTOTPTest()" classname="mn.astvision.starter.twofa.TwoFATest" time="0.0">
    <skipped/>
  </testcase>
  <testcase name="testTOTPAuthUriTest()" classname="mn.astvision.starter.twofa.TwoFATest" time="0.0">
    <skipped/>
  </testcase>
  <testcase name="testTOTPGeneratorTest()" classname="mn.astvision.starter.twofa.TwoFATest" time="0.0">
    <skipped/>
  </testcase>
  <system-out><![CDATA[]]></system-out>
  <system-err><![CDATA[]]></system-err>
</testsuite>
